/home/guilhermecabaco/Desktop/TESE/ros2_ws/install/temperature_monitor/lib/python3.12/site-packages/temperature_monitor/publisher_node.py
/home/guilhermecabaco/Desktop/TESE/ros2_ws/install/temperature_monitor/lib/python3.12/site-packages/temperature_monitor/enhanced_sensor_node.py
/home/guilhermecabaco/Desktop/TESE/ros2_ws/install/temperature_monitor/lib/python3.12/site-packages/temperature_monitor/temperature_monitor_node.py
/home/guilhermecabaco/Desktop/TESE/ros2_ws/install/temperature_monitor/lib/python3.12/site-packages/temperature_monitor/advanced_monitor_node.py
/home/guilhermecabaco/Desktop/TESE/ros2_ws/install/temperature_monitor/lib/python3.12/site-packages/temperature_monitor/temperature_logger.py
/home/guilhermecabaco/Desktop/TESE/ros2_ws/install/temperature_monitor/lib/python3.12/site-packages/temperature_monitor/__init__.py
/home/guilhermecabaco/Desktop/TESE/ros2_ws/install/temperature_monitor/lib/python3.12/site-packages/temperature_monitor/__pycache__/publisher_node.cpython-312.pyc
/home/guilhermecabaco/Desktop/TESE/ros2_ws/install/temperature_monitor/lib/python3.12/site-packages/temperature_monitor/__pycache__/enhanced_sensor_node.cpython-312.pyc
/home/guilhermecabaco/Desktop/TESE/ros2_ws/install/temperature_monitor/lib/python3.12/site-packages/temperature_monitor/__pycache__/temperature_monitor_node.cpython-312.pyc
/home/guilhermecabaco/Desktop/TESE/ros2_ws/install/temperature_monitor/lib/python3.12/site-packages/temperature_monitor/__pycache__/advanced_monitor_node.cpython-312.pyc
/home/guilhermecabaco/Desktop/TESE/ros2_ws/install/temperature_monitor/lib/python3.12/site-packages/temperature_monitor/__pycache__/temperature_logger.cpython-312.pyc
/home/guilhermecabaco/Desktop/TESE/ros2_ws/install/temperature_monitor/lib/python3.12/site-packages/temperature_monitor/__pycache__/__init__.cpython-312.pyc
/home/guilhermecabaco/Desktop/TESE/ros2_ws/install/temperature_monitor/share/ament_index/resource_index/packages/temperature_monitor
/home/guilhermecabaco/Desktop/TESE/ros2_ws/install/temperature_monitor/share/temperature_monitor/package.xml
/home/guilhermecabaco/Desktop/TESE/ros2_ws/install/temperature_monitor/share/temperature_monitor/temperature_system.launch.py
/home/guilhermecabaco/Desktop/TESE/ros2_ws/install/temperature_monitor/lib/python3.12/site-packages/temperature_monitor-0.0.0-py3.12.egg-info/requires.txt
/home/guilhermecabaco/Desktop/TESE/ros2_ws/install/temperature_monitor/lib/python3.12/site-packages/temperature_monitor-0.0.0-py3.12.egg-info/PKG-INFO
/home/guilhermecabaco/Desktop/TESE/ros2_ws/install/temperature_monitor/lib/python3.12/site-packages/temperature_monitor-0.0.0-py3.12.egg-info/dependency_links.txt
/home/guilhermecabaco/Desktop/TESE/ros2_ws/install/temperature_monitor/lib/python3.12/site-packages/temperature_monitor-0.0.0-py3.12.egg-info/SOURCES.txt
/home/guilhermecabaco/Desktop/TESE/ros2_ws/install/temperature_monitor/lib/python3.12/site-packages/temperature_monitor-0.0.0-py3.12.egg-info/entry_points.txt
/home/guilhermecabaco/Desktop/TESE/ros2_ws/install/temperature_monitor/lib/python3.12/site-packages/temperature_monitor-0.0.0-py3.12.egg-info/top_level.txt
/home/guilhermecabaco/Desktop/TESE/ros2_ws/install/temperature_monitor/lib/python3.12/site-packages/temperature_monitor-0.0.0-py3.12.egg-info/zip-safe
/home/guilhermecabaco/Desktop/TESE/ros2_ws/install/temperature_monitor/lib/temperature_monitor/monitor_node
/home/guilhermecabaco/Desktop/TESE/ros2_ws/install/temperature_monitor/lib/temperature_monitor/publisher_node
