[0.615s] Invoking command in '/home/guilhermecabaco/Desktop/ros2_ws/tutoriais_ros2/temperature_monitor': DEBUGINFOD_URLS=https://debuginfod.ubuntu.com PYTHONPATH=/home/guilhermecabaco/Desktop/ros2_ws/tutoriais_ros2/build/temperature_monitor/prefix_override:/usr/lib/python3/dist-packages/colcon_core/task/python/colcon_distutils_commands:/home/guilhermecabaco/Desktop/ros2_ws/tutoriais_ros2/install/temperature_monitor/lib/python3.12/site-packages:${PYTHONPATH} /usr/bin/python3 -W ignore:setup.py install is deprecated -W ignore:easy_install command is deprecated setup.py egg_info --egg-base ../build/temperature_monitor build --build-base /home/guilhermecabaco/Desktop/ros2_ws/tutoriais_ros2/build/temperature_monitor/build install --record /home/guilhermecabaco/Desktop/ros2_ws/tutoriais_ros2/build/temperature_monitor/install.log --single-version-externally-managed install_data
[0.825s] running egg_info
[0.839s] writing ../build/temperature_monitor/temperature_monitor.egg-info/PKG-INFO
[0.840s] writing dependency_links to ../build/temperature_monitor/temperature_monitor.egg-info/dependency_links.txt
[0.840s] writing entry points to ../build/temperature_monitor/temperature_monitor.egg-info/entry_points.txt
[0.840s] writing requirements to ../build/temperature_monitor/temperature_monitor.egg-info/requires.txt
[0.840s] writing top-level names to ../build/temperature_monitor/temperature_monitor.egg-info/top_level.txt
[0.871s] reading manifest file '../build/temperature_monitor/temperature_monitor.egg-info/SOURCES.txt'
[0.871s] writing manifest file '../build/temperature_monitor/temperature_monitor.egg-info/SOURCES.txt'
[0.872s] running build
[0.872s] running build_py
[0.872s] running install
[0.877s] running install_lib
[0.893s] running install_data
[0.893s] running install_egg_info
[0.909s] removing '/home/guilhermecabaco/Desktop/ros2_ws/tutoriais_ros2/install/temperature_monitor/lib/python3.12/site-packages/temperature_monitor-0.0.0-py3.12.egg-info' (and everything under it)
[0.909s] Copying ../build/temperature_monitor/temperature_monitor.egg-info to /home/guilhermecabaco/Desktop/ros2_ws/tutoriais_ros2/install/temperature_monitor/lib/python3.12/site-packages/temperature_monitor-0.0.0-py3.12.egg-info
[0.910s] running install_scripts
[1.013s] Installing advanced_monitor_node script to /home/guilhermecabaco/Desktop/ros2_ws/tutoriais_ros2/install/temperature_monitor/lib/temperature_monitor
[1.013s] Installing enhanced_sensor_node script to /home/guilhermecabaco/Desktop/ros2_ws/tutoriais_ros2/install/temperature_monitor/lib/temperature_monitor
[1.013s] Installing logger_node script to /home/guilhermecabaco/Desktop/ros2_ws/tutoriais_ros2/install/temperature_monitor/lib/temperature_monitor
[1.014s] Installing monitor_node script to /home/guilhermecabaco/Desktop/ros2_ws/tutoriais_ros2/install/temperature_monitor/lib/temperature_monitor
[1.014s] Installing publisher_node script to /home/guilhermecabaco/Desktop/ros2_ws/tutoriais_ros2/install/temperature_monitor/lib/temperature_monitor
[1.014s] writing list of installed files to '/home/guilhermecabaco/Desktop/ros2_ws/tutoriais_ros2/build/temperature_monitor/install.log'
[1.033s] Invoked command in '/home/guilhermecabaco/Desktop/ros2_ws/tutoriais_ros2/temperature_monitor' returned '0': DEBUGINFOD_URLS=https://debuginfod.ubuntu.com PYTHONPATH=/home/guilhermecabaco/Desktop/ros2_ws/tutoriais_ros2/build/temperature_monitor/prefix_override:/usr/lib/python3/dist-packages/colcon_core/task/python/colcon_distutils_commands:/home/guilhermecabaco/Desktop/ros2_ws/tutoriais_ros2/install/temperature_monitor/lib/python3.12/site-packages:${PYTHONPATH} /usr/bin/python3 -W ignore:setup.py install is deprecated -W ignore:easy_install command is deprecated setup.py egg_info --egg-base ../build/temperature_monitor build --build-base /home/guilhermecabaco/Desktop/ros2_ws/tutoriais_ros2/build/temperature_monitor/build install --record /home/guilhermecabaco/Desktop/ros2_ws/tutoriais_ros2/build/temperature_monitor/install.log --single-version-externally-managed install_data
