[0.077s] DEBUG:colcon:Command line arguments: ['/usr/bin/colcon', 'build', '--packages-select', 'temperature_monitor']
[0.077s] DEBUG:colcon:Parsed command line arguments: Namespace(log_base=None, log_level=None, verb_name='build', build_base='build', install_base='install', merge_install=False, symlink_install=False, test_result_base=None, continue_on_error=False, executor='parallel', parallel_workers=12, event_handlers=None, ignore_user_meta=False, metas=['./colcon.meta'], base_paths=['.'], packages_ignore=None, packages_ignore_regex=None, paths=None, packages_up_to=None, packages_up_to_regex=None, packages_above=None, packages_above_and_dependencies=None, packages_above_depth=None, packages_select_by_dep=None, packages_skip_by_dep=None, packages_skip_up_to=None, packages_select_build_failed=False, packages_skip_build_finished=False, packages_select_test_failures=False, packages_skip_test_passed=False, packages_select=['temperature_monitor'], packages_skip=None, packages_select_regex=None, packages_skip_regex=None, packages_start=None, packages_end=None, cmake_args=None, cmake_target=None, cmake_target_skip_unavailable=False, cmake_clean_cache=False, cmake_clean_first=False, cmake_force_configure=False, ament_cmake_args=None, catkin_cmake_args=None, catkin_skip_building_tests=False, verb_parser=<colcon_defaults.argument_parser.defaults.DefaultArgumentsDecorator object at 0x71d5acff70b0>, verb_extension=<colcon_core.verb.build.BuildVerb object at 0x71d5acff6f90>, main=<bound method BuildVerb.main of <colcon_core.verb.build.BuildVerb object at 0x71d5acff6f90>>)
[0.108s] Level 1:colcon.colcon_core.package_discovery:discover_packages(colcon_meta) check parameters
[0.108s] Level 1:colcon.colcon_core.package_discovery:discover_packages(recursive) check parameters
[0.108s] Level 1:colcon.colcon_core.package_discovery:discover_packages(ignore) check parameters
[0.108s] Level 1:colcon.colcon_core.package_discovery:discover_packages(path) check parameters
[0.108s] Level 1:colcon.colcon_core.package_discovery:discover_packages(colcon_meta) discover
[0.108s] Level 1:colcon.colcon_core.package_discovery:discover_packages(recursive) discover
[0.108s] INFO:colcon.colcon_core.package_discovery:Crawling recursively for packages in '/home/guilhermecabaco/Desktop/ros2_ws/tutoriais_ros2'
[0.108s] Level 1:colcon.colcon_core.package_identification:_identify(.) by extensions ['ignore', 'ignore_ament_install']
[0.108s] Level 1:colcon.colcon_core.package_identification:_identify(.) by extension 'ignore'
[0.108s] Level 1:colcon.colcon_core.package_identification:_identify(.) by extension 'ignore_ament_install'
[0.108s] Level 1:colcon.colcon_core.package_identification:_identify(.) by extensions ['colcon_pkg']
[0.108s] Level 1:colcon.colcon_core.package_identification:_identify(.) by extension 'colcon_pkg'
[0.108s] Level 1:colcon.colcon_core.package_identification:_identify(.) by extensions ['colcon_meta']
[0.108s] Level 1:colcon.colcon_core.package_identification:_identify(.) by extension 'colcon_meta'
[0.108s] Level 1:colcon.colcon_core.package_identification:_identify(.) by extensions ['ros']
[0.108s] Level 1:colcon.colcon_core.package_identification:_identify(.) by extension 'ros'
[0.127s] Level 1:colcon.colcon_core.package_identification:_identify(.) by extensions ['cmake', 'python']
[0.128s] Level 1:colcon.colcon_core.package_identification:_identify(.) by extension 'cmake'
[0.128s] Level 1:colcon.colcon_core.package_identification:_identify(.) by extension 'python'
[0.128s] Level 1:colcon.colcon_core.package_identification:_identify(.) by extensions ['python_setup_py']
[0.128s] Level 1:colcon.colcon_core.package_identification:_identify(.) by extension 'python_setup_py'
[0.128s] Level 1:colcon.colcon_core.package_identification:_identify(build) by extensions ['ignore', 'ignore_ament_install']
[0.128s] Level 1:colcon.colcon_core.package_identification:_identify(build) by extension 'ignore'
[0.128s] Level 1:colcon.colcon_core.package_identification:_identify(build) ignored
[0.128s] Level 1:colcon.colcon_core.package_identification:_identify(install) by extensions ['ignore', 'ignore_ament_install']
[0.128s] Level 1:colcon.colcon_core.package_identification:_identify(install) by extension 'ignore'
[0.128s] Level 1:colcon.colcon_core.package_identification:_identify(install) ignored
[0.128s] Level 1:colcon.colcon_core.package_identification:_identify(log) by extensions ['ignore', 'ignore_ament_install']
[0.128s] Level 1:colcon.colcon_core.package_identification:_identify(log) by extension 'ignore'
[0.128s] Level 1:colcon.colcon_core.package_identification:_identify(log) ignored
[0.128s] Level 1:colcon.colcon_core.package_identification:_identify(src) by extensions ['ignore', 'ignore_ament_install']
[0.128s] Level 1:colcon.colcon_core.package_identification:_identify(src) by extension 'ignore'
[0.128s] Level 1:colcon.colcon_core.package_identification:_identify(src) by extension 'ignore_ament_install'
[0.128s] Level 1:colcon.colcon_core.package_identification:_identify(src) by extensions ['colcon_pkg']
[0.128s] Level 1:colcon.colcon_core.package_identification:_identify(src) by extension 'colcon_pkg'
[0.128s] Level 1:colcon.colcon_core.package_identification:_identify(src) by extensions ['colcon_meta']
[0.128s] Level 1:colcon.colcon_core.package_identification:_identify(src) by extension 'colcon_meta'
[0.128s] Level 1:colcon.colcon_core.package_identification:_identify(src) by extensions ['ros']
[0.128s] Level 1:colcon.colcon_core.package_identification:_identify(src) by extension 'ros'
[0.129s] Level 1:colcon.colcon_core.package_identification:_identify(src) by extensions ['cmake', 'python']
[0.129s] Level 1:colcon.colcon_core.package_identification:_identify(src) by extension 'cmake'
[0.129s] Level 1:colcon.colcon_core.package_identification:_identify(src) by extension 'python'
[0.129s] Level 1:colcon.colcon_core.package_identification:_identify(src) by extensions ['python_setup_py']
[0.129s] Level 1:colcon.colcon_core.package_identification:_identify(src) by extension 'python_setup_py'
[0.129s] Level 1:colcon.colcon_core.package_identification:_identify(temperature_monitor) by extensions ['ignore', 'ignore_ament_install']
[0.129s] Level 1:colcon.colcon_core.package_identification:_identify(temperature_monitor) by extension 'ignore'
[0.129s] Level 1:colcon.colcon_core.package_identification:_identify(temperature_monitor) by extension 'ignore_ament_install'
[0.129s] Level 1:colcon.colcon_core.package_identification:_identify(temperature_monitor) by extensions ['colcon_pkg']
[0.129s] Level 1:colcon.colcon_core.package_identification:_identify(temperature_monitor) by extension 'colcon_pkg'
[0.129s] Level 1:colcon.colcon_core.package_identification:_identify(temperature_monitor) by extensions ['colcon_meta']
[0.129s] Level 1:colcon.colcon_core.package_identification:_identify(temperature_monitor) by extension 'colcon_meta'
[0.129s] Level 1:colcon.colcon_core.package_identification:_identify(temperature_monitor) by extensions ['ros']
[0.129s] Level 1:colcon.colcon_core.package_identification:_identify(temperature_monitor) by extension 'ros'
[0.131s] DEBUG:colcon.colcon_core.package_identification:Package 'temperature_monitor' with type 'ros.ament_python' and name 'temperature_monitor'
[0.131s] Level 1:colcon.colcon_core.package_discovery:discover_packages(recursive) using defaults
[0.131s] Level 1:colcon.colcon_core.package_discovery:discover_packages(ignore) discover
[0.131s] Level 1:colcon.colcon_core.package_discovery:discover_packages(ignore) using defaults
[0.131s] Level 1:colcon.colcon_core.package_discovery:discover_packages(path) discover
[0.131s] Level 1:colcon.colcon_core.package_discovery:discover_packages(path) using defaults
[0.144s] Level 5:colcon.colcon_core.verb:set package 'temperature_monitor' build argument 'cmake_args' from command line to 'None'
[0.144s] Level 5:colcon.colcon_core.verb:set package 'temperature_monitor' build argument 'cmake_target' from command line to 'None'
[0.144s] Level 5:colcon.colcon_core.verb:set package 'temperature_monitor' build argument 'cmake_target_skip_unavailable' from command line to 'False'
[0.144s] Level 5:colcon.colcon_core.verb:set package 'temperature_monitor' build argument 'cmake_clean_cache' from command line to 'False'
[0.144s] Level 5:colcon.colcon_core.verb:set package 'temperature_monitor' build argument 'cmake_clean_first' from command line to 'False'
[0.144s] Level 5:colcon.colcon_core.verb:set package 'temperature_monitor' build argument 'cmake_force_configure' from command line to 'False'
[0.144s] Level 5:colcon.colcon_core.verb:set package 'temperature_monitor' build argument 'ament_cmake_args' from command line to 'None'
[0.144s] Level 5:colcon.colcon_core.verb:set package 'temperature_monitor' build argument 'catkin_cmake_args' from command line to 'None'
[0.144s] Level 5:colcon.colcon_core.verb:set package 'temperature_monitor' build argument 'catkin_skip_building_tests' from command line to 'False'
[0.144s] DEBUG:colcon.colcon_core.verb:Building package 'temperature_monitor' with the following arguments: {'ament_cmake_args': None, 'build_base': '/home/guilhermecabaco/Desktop/ros2_ws/tutoriais_ros2/build/temperature_monitor', 'catkin_cmake_args': None, 'catkin_skip_building_tests': False, 'cmake_args': None, 'cmake_clean_cache': False, 'cmake_clean_first': False, 'cmake_force_configure': False, 'cmake_target': None, 'cmake_target_skip_unavailable': False, 'install_base': '/home/guilhermecabaco/Desktop/ros2_ws/tutoriais_ros2/install/temperature_monitor', 'merge_install': False, 'path': '/home/guilhermecabaco/Desktop/ros2_ws/tutoriais_ros2/temperature_monitor', 'symlink_install': False, 'test_result_base': None}
[0.144s] INFO:colcon.colcon_core.executor:Executing jobs using 'parallel' executor
[0.145s] DEBUG:colcon.colcon_parallel_executor.executor.parallel:run_until_complete
[0.145s] INFO:colcon.colcon_ros.task.ament_python.build:Building ROS package in '/home/guilhermecabaco/Desktop/ros2_ws/tutoriais_ros2/temperature_monitor' with build type 'ament_python'
[0.145s] Level 1:colcon.colcon_core.shell:create_environment_hook('temperature_monitor', 'ament_prefix_path')
[0.147s] INFO:colcon.colcon_core.plugin_system:Skipping extension 'colcon_core.shell.bat': Not used on non-Windows systems
[0.147s] INFO:colcon.colcon_core.shell:Creating environment descriptor '/home/guilhermecabaco/Desktop/ros2_ws/tutoriais_ros2/install/temperature_monitor/share/temperature_monitor/hook/ament_prefix_path.dsv'
[0.148s] INFO:colcon.colcon_core.shell:Creating environment hook '/home/guilhermecabaco/Desktop/ros2_ws/tutoriais_ros2/install/temperature_monitor/share/temperature_monitor/hook/ament_prefix_path.sh'
[0.148s] DEBUG:colcon.colcon_core.shell:Skip shell extension 'dsv' for command environment
[0.318s] INFO:colcon.colcon_core.task.python.build:Building Python package in '/home/guilhermecabaco/Desktop/ros2_ws/tutoriais_ros2/temperature_monitor'
[0.318s] DEBUG:colcon.colcon_core.shell:Skip shell extension 'dsv' for command environment
[0.766s] DEBUG:colcon.colcon_core.event_handler.log_command:Invoking command in '/home/guilhermecabaco/Desktop/ros2_ws/tutoriais_ros2/temperature_monitor': DEBUGINFOD_URLS=https://debuginfod.ubuntu.com PYTHONPATH=/home/guilhermecabaco/Desktop/ros2_ws/tutoriais_ros2/build/temperature_monitor/prefix_override:/usr/lib/python3/dist-packages/colcon_core/task/python/colcon_distutils_commands:/home/guilhermecabaco/Desktop/ros2_ws/tutoriais_ros2/install/temperature_monitor/lib/python3.12/site-packages:${PYTHONPATH} /usr/bin/python3 -W ignore:setup.py install is deprecated -W ignore:easy_install command is deprecated setup.py egg_info --egg-base ../build/temperature_monitor build --build-base /home/guilhermecabaco/Desktop/ros2_ws/tutoriais_ros2/build/temperature_monitor/build install --record /home/guilhermecabaco/Desktop/ros2_ws/tutoriais_ros2/build/temperature_monitor/install.log --single-version-externally-managed install_data
[1.176s] DEBUG:colcon.colcon_core.event_handler.log_command:Invoked command in '/home/guilhermecabaco/Desktop/ros2_ws/tutoriais_ros2/temperature_monitor' returned '0': DEBUGINFOD_URLS=https://debuginfod.ubuntu.com PYTHONPATH=/home/guilhermecabaco/Desktop/ros2_ws/tutoriais_ros2/build/temperature_monitor/prefix_override:/usr/lib/python3/dist-packages/colcon_core/task/python/colcon_distutils_commands:/home/guilhermecabaco/Desktop/ros2_ws/tutoriais_ros2/install/temperature_monitor/lib/python3.12/site-packages:${PYTHONPATH} /usr/bin/python3 -W ignore:setup.py install is deprecated -W ignore:easy_install command is deprecated setup.py egg_info --egg-base ../build/temperature_monitor build --build-base /home/guilhermecabaco/Desktop/ros2_ws/tutoriais_ros2/build/temperature_monitor/build install --record /home/guilhermecabaco/Desktop/ros2_ws/tutoriais_ros2/build/temperature_monitor/install.log --single-version-externally-managed install_data
[1.178s] Level 1:colcon.colcon_core.environment:checking '/home/guilhermecabaco/Desktop/ros2_ws/tutoriais_ros2/install/temperature_monitor' for CMake module files
[1.178s] Level 1:colcon.colcon_core.environment:checking '/home/guilhermecabaco/Desktop/ros2_ws/tutoriais_ros2/install/temperature_monitor' for CMake config files
[1.179s] Level 1:colcon.colcon_core.environment:checking '/home/guilhermecabaco/Desktop/ros2_ws/tutoriais_ros2/install/temperature_monitor/lib'
[1.179s] Level 1:colcon.colcon_core.environment:checking '/home/guilhermecabaco/Desktop/ros2_ws/tutoriais_ros2/install/temperature_monitor/bin'
[1.179s] Level 1:colcon.colcon_core.environment:checking '/home/guilhermecabaco/Desktop/ros2_ws/tutoriais_ros2/install/temperature_monitor/lib/pkgconfig/temperature_monitor.pc'
[1.179s] Level 1:colcon.colcon_core.environment:checking '/home/guilhermecabaco/Desktop/ros2_ws/tutoriais_ros2/install/temperature_monitor/lib/python3.12/site-packages'
[1.179s] Level 1:colcon.colcon_core.shell:create_environment_hook('temperature_monitor', 'pythonpath')
[1.179s] INFO:colcon.colcon_core.shell:Creating environment descriptor '/home/guilhermecabaco/Desktop/ros2_ws/tutoriais_ros2/install/temperature_monitor/share/temperature_monitor/hook/pythonpath.dsv'
[1.179s] INFO:colcon.colcon_core.shell:Creating environment hook '/home/guilhermecabaco/Desktop/ros2_ws/tutoriais_ros2/install/temperature_monitor/share/temperature_monitor/hook/pythonpath.sh'
[1.180s] Level 1:colcon.colcon_core.environment:checking '/home/guilhermecabaco/Desktop/ros2_ws/tutoriais_ros2/install/temperature_monitor/bin'
[1.180s] Level 1:colcon.colcon_core.environment:create_environment_scripts_only(temperature_monitor)
[1.180s] INFO:colcon.colcon_core.shell:Creating package descriptor '/home/guilhermecabaco/Desktop/ros2_ws/tutoriais_ros2/install/temperature_monitor/share/temperature_monitor/package.dsv'
[1.180s] INFO:colcon.colcon_core.shell:Creating package script '/home/guilhermecabaco/Desktop/ros2_ws/tutoriais_ros2/install/temperature_monitor/share/temperature_monitor/package.sh'
[1.181s] INFO:colcon.colcon_core.shell:Creating package script '/home/guilhermecabaco/Desktop/ros2_ws/tutoriais_ros2/install/temperature_monitor/share/temperature_monitor/package.bash'
[1.181s] INFO:colcon.colcon_core.shell:Creating package script '/home/guilhermecabaco/Desktop/ros2_ws/tutoriais_ros2/install/temperature_monitor/share/temperature_monitor/package.zsh'
[1.182s] Level 1:colcon.colcon_core.environment:create_file_with_runtime_dependencies(/home/guilhermecabaco/Desktop/ros2_ws/tutoriais_ros2/install/temperature_monitor/share/colcon-core/packages/temperature_monitor)
[1.182s] DEBUG:colcon.colcon_parallel_executor.executor.parallel:closing loop
[1.182s] DEBUG:colcon.colcon_parallel_executor.executor.parallel:loop closed
[1.182s] DEBUG:colcon.colcon_parallel_executor.executor.parallel:run_until_complete finished with '0'
[1.182s] DEBUG:colcon.colcon_core.event_reactor:joining thread
[1.189s] INFO:colcon.colcon_core.plugin_system:Skipping extension 'colcon_notification.desktop_notification.terminal_notifier': Not used on non-Darwin systems
[1.189s] INFO:colcon.colcon_core.plugin_system:Skipping extension 'colcon_notification.desktop_notification.win32': Not used on non-Windows systems
[1.189s] INFO:colcon.colcon_notification.desktop_notification:Sending desktop notification using 'notify2'
[1.217s] DEBUG:colcon.colcon_core.event_reactor:joined thread
[1.218s] INFO:colcon.colcon_core.shell:Creating prefix script '/home/guilhermecabaco/Desktop/ros2_ws/tutoriais_ros2/install/local_setup.sh'
[1.219s] INFO:colcon.colcon_core.shell:Creating prefix util module '/home/guilhermecabaco/Desktop/ros2_ws/tutoriais_ros2/install/_local_setup_util_sh.py'
[1.220s] INFO:colcon.colcon_core.shell:Creating prefix chain script '/home/guilhermecabaco/Desktop/ros2_ws/tutoriais_ros2/install/setup.sh'
[1.221s] INFO:colcon.colcon_core.shell:Creating prefix script '/home/guilhermecabaco/Desktop/ros2_ws/tutoriais_ros2/install/local_setup.bash'
[1.222s] INFO:colcon.colcon_core.shell:Creating prefix chain script '/home/guilhermecabaco/Desktop/ros2_ws/tutoriais_ros2/install/setup.bash'
[1.223s] INFO:colcon.colcon_core.shell:Creating prefix script '/home/guilhermecabaco/Desktop/ros2_ws/tutoriais_ros2/install/local_setup.zsh'
[1.223s] INFO:colcon.colcon_core.shell:Creating prefix chain script '/home/guilhermecabaco/Desktop/ros2_ws/tutoriais_ros2/install/setup.zsh'
