running egg_info
creating build/temperature_monitor/temperature_monitor.egg-info
writing build/temperature_monitor/temperature_monitor.egg-info/PKG-INFO
writing dependency_links to build/temperature_monitor/temperature_monitor.egg-info/dependency_links.txt
writing entry points to build/temperature_monitor/temperature_monitor.egg-info/entry_points.txt
writing requirements to build/temperature_monitor/temperature_monitor.egg-info/requires.txt
writing top-level names to build/temperature_monitor/temperature_monitor.egg-info/top_level.txt
writing manifest file 'build/temperature_monitor/temperature_monitor.egg-info/SOURCES.txt'
reading manifest file 'build/temperature_monitor/temperature_monitor.egg-info/SOURCES.txt'
writing manifest file 'build/temperature_monitor/temperature_monitor.egg-info/SOURCES.txt'
running build
running build_py
creating /home/guilhermecabaco/Desktop/ros2_ws/tutoriais_ros2/temperature_monitor/build/temperature_monitor/build
creating /home/guilhermecabaco/Desktop/ros2_ws/tutoriais_ros2/temperature_monitor/build/temperature_monitor/build/lib
creating /home/guilhermecabaco/Desktop/ros2_ws/tutoriais_ros2/temperature_monitor/build/temperature_monitor/build/lib/temperature_monitor
copying temperature_monitor/publisher_node.py -> /home/guilhermecabaco/Desktop/ros2_ws/tutoriais_ros2/temperature_monitor/build/temperature_monitor/build/lib/temperature_monitor
copying temperature_monitor/enhanced_sensor_node.py -> /home/guilhermecabaco/Desktop/ros2_ws/tutoriais_ros2/temperature_monitor/build/temperature_monitor/build/lib/temperature_monitor
copying temperature_monitor/temperature_monitor_node.py -> /home/guilhermecabaco/Desktop/ros2_ws/tutoriais_ros2/temperature_monitor/build/temperature_monitor/build/lib/temperature_monitor
copying temperature_monitor/advanced_monitor_node.py -> /home/guilhermecabaco/Desktop/ros2_ws/tutoriais_ros2/temperature_monitor/build/temperature_monitor/build/lib/temperature_monitor
copying temperature_monitor/temperature_logger.py -> /home/guilhermecabaco/Desktop/ros2_ws/tutoriais_ros2/temperature_monitor/build/temperature_monitor/build/lib/temperature_monitor
copying temperature_monitor/__init__.py -> /home/guilhermecabaco/Desktop/ros2_ws/tutoriais_ros2/temperature_monitor/build/temperature_monitor/build/lib/temperature_monitor
running install
running install_lib
creating /home/guilhermecabaco/Desktop/ros2_ws/tutoriais_ros2/temperature_monitor/install/temperature_monitor/lib/python3.12/site-packages/temperature_monitor
copying /home/guilhermecabaco/Desktop/ros2_ws/tutoriais_ros2/temperature_monitor/build/temperature_monitor/build/lib/temperature_monitor/publisher_node.py -> /home/guilhermecabaco/Desktop/ros2_ws/tutoriais_ros2/temperature_monitor/install/temperature_monitor/lib/python3.12/site-packages/temperature_monitor
copying /home/guilhermecabaco/Desktop/ros2_ws/tutoriais_ros2/temperature_monitor/build/temperature_monitor/build/lib/temperature_monitor/enhanced_sensor_node.py -> /home/guilhermecabaco/Desktop/ros2_ws/tutoriais_ros2/temperature_monitor/install/temperature_monitor/lib/python3.12/site-packages/temperature_monitor
copying /home/guilhermecabaco/Desktop/ros2_ws/tutoriais_ros2/temperature_monitor/build/temperature_monitor/build/lib/temperature_monitor/temperature_monitor_node.py -> /home/guilhermecabaco/Desktop/ros2_ws/tutoriais_ros2/temperature_monitor/install/temperature_monitor/lib/python3.12/site-packages/temperature_monitor
copying /home/guilhermecabaco/Desktop/ros2_ws/tutoriais_ros2/temperature_monitor/build/temperature_monitor/build/lib/temperature_monitor/advanced_monitor_node.py -> /home/guilhermecabaco/Desktop/ros2_ws/tutoriais_ros2/temperature_monitor/install/temperature_monitor/lib/python3.12/site-packages/temperature_monitor
copying /home/guilhermecabaco/Desktop/ros2_ws/tutoriais_ros2/temperature_monitor/build/temperature_monitor/build/lib/temperature_monitor/temperature_logger.py -> /home/guilhermecabaco/Desktop/ros2_ws/tutoriais_ros2/temperature_monitor/install/temperature_monitor/lib/python3.12/site-packages/temperature_monitor
copying /home/guilhermecabaco/Desktop/ros2_ws/tutoriais_ros2/temperature_monitor/build/temperature_monitor/build/lib/temperature_monitor/__init__.py -> /home/guilhermecabaco/Desktop/ros2_ws/tutoriais_ros2/temperature_monitor/install/temperature_monitor/lib/python3.12/site-packages/temperature_monitor
byte-compiling /home/guilhermecabaco/Desktop/ros2_ws/tutoriais_ros2/temperature_monitor/install/temperature_monitor/lib/python3.12/site-packages/temperature_monitor/publisher_node.py to publisher_node.cpython-312.pyc
byte-compiling /home/guilhermecabaco/Desktop/ros2_ws/tutoriais_ros2/temperature_monitor/install/temperature_monitor/lib/python3.12/site-packages/temperature_monitor/enhanced_sensor_node.py to enhanced_sensor_node.cpython-312.pyc
byte-compiling /home/guilhermecabaco/Desktop/ros2_ws/tutoriais_ros2/temperature_monitor/install/temperature_monitor/lib/python3.12/site-packages/temperature_monitor/temperature_monitor_node.py to temperature_monitor_node.cpython-312.pyc
byte-compiling /home/guilhermecabaco/Desktop/ros2_ws/tutoriais_ros2/temperature_monitor/install/temperature_monitor/lib/python3.12/site-packages/temperature_monitor/advanced_monitor_node.py to advanced_monitor_node.cpython-312.pyc
byte-compiling /home/guilhermecabaco/Desktop/ros2_ws/tutoriais_ros2/temperature_monitor/install/temperature_monitor/lib/python3.12/site-packages/temperature_monitor/temperature_logger.py to temperature_logger.cpython-312.pyc
byte-compiling /home/guilhermecabaco/Desktop/ros2_ws/tutoriais_ros2/temperature_monitor/install/temperature_monitor/lib/python3.12/site-packages/temperature_monitor/__init__.py to __init__.cpython-312.pyc
running install_data
creating /home/guilhermecabaco/Desktop/ros2_ws/tutoriais_ros2/temperature_monitor/install/temperature_monitor/share/ament_index
creating /home/guilhermecabaco/Desktop/ros2_ws/tutoriais_ros2/temperature_monitor/install/temperature_monitor/share/ament_index/resource_index
creating /home/guilhermecabaco/Desktop/ros2_ws/tutoriais_ros2/temperature_monitor/install/temperature_monitor/share/ament_index/resource_index/packages
copying resource/temperature_monitor -> /home/guilhermecabaco/Desktop/ros2_ws/tutoriais_ros2/temperature_monitor/install/temperature_monitor/share/ament_index/resource_index/packages
copying package.xml -> /home/guilhermecabaco/Desktop/ros2_ws/tutoriais_ros2/temperature_monitor/install/temperature_monitor/share/temperature_monitor
copying temperature_system.launch.py -> /home/guilhermecabaco/Desktop/ros2_ws/tutoriais_ros2/temperature_monitor/install/temperature_monitor/share/temperature_monitor
running install_egg_info
Copying build/temperature_monitor/temperature_monitor.egg-info to /home/guilhermecabaco/Desktop/ros2_ws/tutoriais_ros2/temperature_monitor/install/temperature_monitor/lib/python3.12/site-packages/temperature_monitor-0.0.0-py3.12.egg-info
running install_scripts
Installing advanced_monitor_node script to /home/guilhermecabaco/Desktop/ros2_ws/tutoriais_ros2/temperature_monitor/install/temperature_monitor/lib/temperature_monitor
Installing enhanced_sensor_node script to /home/guilhermecabaco/Desktop/ros2_ws/tutoriais_ros2/temperature_monitor/install/temperature_monitor/lib/temperature_monitor
Installing logger_node script to /home/guilhermecabaco/Desktop/ros2_ws/tutoriais_ros2/temperature_monitor/install/temperature_monitor/lib/temperature_monitor
Installing monitor_node script to /home/guilhermecabaco/Desktop/ros2_ws/tutoriais_ros2/temperature_monitor/install/temperature_monitor/lib/temperature_monitor
Installing publisher_node script to /home/guilhermecabaco/Desktop/ros2_ws/tutoriais_ros2/temperature_monitor/install/temperature_monitor/lib/temperature_monitor
writing list of installed files to '/home/guilhermecabaco/Desktop/ros2_ws/tutoriais_ros2/temperature_monitor/build/temperature_monitor/install.log'
