[0.451s] Invoking command in '/home/guilhermecabaco/Desktop/ros2_ws/tutoriais_ros2/temperature_monitor': DEBUGINFOD_URLS=https://debuginfod.ubuntu.com PYTHONPATH=/home/guilhermecabaco/Desktop/ros2_ws/tutoriais_ros2/temperature_monitor/build/temperature_monitor/prefix_override:/usr/lib/python3/dist-packages/colcon_core/task/python/colcon_distutils_commands:/home/guilhermecabaco/Desktop/ros2_ws/tutoriais_ros2/temperature_monitor/install/temperature_monitor/lib/python3.12/site-packages: /usr/bin/python3 -W ignore:setup.py install is deprecated -W ignore:easy_install command is deprecated setup.py egg_info --egg-base build/temperature_monitor build --build-base /home/guilhermecabaco/Desktop/ros2_ws/tutoriais_ros2/temperature_monitor/build/temperature_monitor/build install --record /home/guilhermecabaco/Desktop/ros2_ws/tutoriais_ros2/temperature_monitor/build/temperature_monitor/install.log --single-version-externally-managed install_data
[0.599s] running egg_info
[0.599s] creating build/temperature_monitor/temperature_monitor.egg-info
[0.607s] writing build/temperature_monitor/temperature_monitor.egg-info/PKG-INFO
[0.607s] writing dependency_links to build/temperature_monitor/temperature_monitor.egg-info/dependency_links.txt
[0.607s] writing entry points to build/temperature_monitor/temperature_monitor.egg-info/entry_points.txt
[0.608s] writing requirements to build/temperature_monitor/temperature_monitor.egg-info/requires.txt
[0.608s] writing top-level names to build/temperature_monitor/temperature_monitor.egg-info/top_level.txt
[0.608s] writing manifest file 'build/temperature_monitor/temperature_monitor.egg-info/SOURCES.txt'
[0.624s] reading manifest file 'build/temperature_monitor/temperature_monitor.egg-info/SOURCES.txt'
[0.625s] writing manifest file 'build/temperature_monitor/temperature_monitor.egg-info/SOURCES.txt'
[0.625s] running build
[0.625s] running build_py
[0.625s] creating /home/guilhermecabaco/Desktop/ros2_ws/tutoriais_ros2/temperature_monitor/build/temperature_monitor/build
[0.625s] creating /home/guilhermecabaco/Desktop/ros2_ws/tutoriais_ros2/temperature_monitor/build/temperature_monitor/build/lib
[0.625s] creating /home/guilhermecabaco/Desktop/ros2_ws/tutoriais_ros2/temperature_monitor/build/temperature_monitor/build/lib/temperature_monitor
[0.626s] copying temperature_monitor/publisher_node.py -> /home/guilhermecabaco/Desktop/ros2_ws/tutoriais_ros2/temperature_monitor/build/temperature_monitor/build/lib/temperature_monitor
[0.626s] copying temperature_monitor/enhanced_sensor_node.py -> /home/guilhermecabaco/Desktop/ros2_ws/tutoriais_ros2/temperature_monitor/build/temperature_monitor/build/lib/temperature_monitor
[0.626s] copying temperature_monitor/temperature_monitor_node.py -> /home/guilhermecabaco/Desktop/ros2_ws/tutoriais_ros2/temperature_monitor/build/temperature_monitor/build/lib/temperature_monitor
[0.626s] copying temperature_monitor/advanced_monitor_node.py -> /home/guilhermecabaco/Desktop/ros2_ws/tutoriais_ros2/temperature_monitor/build/temperature_monitor/build/lib/temperature_monitor
[0.626s] copying temperature_monitor/temperature_logger.py -> /home/guilhermecabaco/Desktop/ros2_ws/tutoriais_ros2/temperature_monitor/build/temperature_monitor/build/lib/temperature_monitor
[0.626s] copying temperature_monitor/__init__.py -> /home/guilhermecabaco/Desktop/ros2_ws/tutoriais_ros2/temperature_monitor/build/temperature_monitor/build/lib/temperature_monitor
[0.626s] running install
[0.631s] running install_lib
[0.639s] creating /home/guilhermecabaco/Desktop/ros2_ws/tutoriais_ros2/temperature_monitor/install/temperature_monitor/lib/python3.12/site-packages/temperature_monitor
[0.639s] copying /home/guilhermecabaco/Desktop/ros2_ws/tutoriais_ros2/temperature_monitor/build/temperature_monitor/build/lib/temperature_monitor/publisher_node.py -> /home/guilhermecabaco/Desktop/ros2_ws/tutoriais_ros2/temperature_monitor/install/temperature_monitor/lib/python3.12/site-packages/temperature_monitor
[0.639s] copying /home/guilhermecabaco/Desktop/ros2_ws/tutoriais_ros2/temperature_monitor/build/temperature_monitor/build/lib/temperature_monitor/enhanced_sensor_node.py -> /home/guilhermecabaco/Desktop/ros2_ws/tutoriais_ros2/temperature_monitor/install/temperature_monitor/lib/python3.12/site-packages/temperature_monitor
[0.640s] copying /home/guilhermecabaco/Desktop/ros2_ws/tutoriais_ros2/temperature_monitor/build/temperature_monitor/build/lib/temperature_monitor/temperature_monitor_node.py -> /home/guilhermecabaco/Desktop/ros2_ws/tutoriais_ros2/temperature_monitor/install/temperature_monitor/lib/python3.12/site-packages/temperature_monitor
[0.640s] copying /home/guilhermecabaco/Desktop/ros2_ws/tutoriais_ros2/temperature_monitor/build/temperature_monitor/build/lib/temperature_monitor/advanced_monitor_node.py -> /home/guilhermecabaco/Desktop/ros2_ws/tutoriais_ros2/temperature_monitor/install/temperature_monitor/lib/python3.12/site-packages/temperature_monitor
[0.640s] copying /home/guilhermecabaco/Desktop/ros2_ws/tutoriais_ros2/temperature_monitor/build/temperature_monitor/build/lib/temperature_monitor/temperature_logger.py -> /home/guilhermecabaco/Desktop/ros2_ws/tutoriais_ros2/temperature_monitor/install/temperature_monitor/lib/python3.12/site-packages/temperature_monitor
[0.640s] copying /home/guilhermecabaco/Desktop/ros2_ws/tutoriais_ros2/temperature_monitor/build/temperature_monitor/build/lib/temperature_monitor/__init__.py -> /home/guilhermecabaco/Desktop/ros2_ws/tutoriais_ros2/temperature_monitor/install/temperature_monitor/lib/python3.12/site-packages/temperature_monitor
[0.640s] byte-compiling /home/guilhermecabaco/Desktop/ros2_ws/tutoriais_ros2/temperature_monitor/install/temperature_monitor/lib/python3.12/site-packages/temperature_monitor/publisher_node.py to publisher_node.cpython-312.pyc
[0.640s] byte-compiling /home/guilhermecabaco/Desktop/ros2_ws/tutoriais_ros2/temperature_monitor/install/temperature_monitor/lib/python3.12/site-packages/temperature_monitor/enhanced_sensor_node.py to enhanced_sensor_node.cpython-312.pyc
[0.641s] byte-compiling /home/guilhermecabaco/Desktop/ros2_ws/tutoriais_ros2/temperature_monitor/install/temperature_monitor/lib/python3.12/site-packages/temperature_monitor/temperature_monitor_node.py to temperature_monitor_node.cpython-312.pyc
[0.641s] byte-compiling /home/guilhermecabaco/Desktop/ros2_ws/tutoriais_ros2/temperature_monitor/install/temperature_monitor/lib/python3.12/site-packages/temperature_monitor/advanced_monitor_node.py to advanced_monitor_node.cpython-312.pyc
[0.642s] byte-compiling /home/guilhermecabaco/Desktop/ros2_ws/tutoriais_ros2/temperature_monitor/install/temperature_monitor/lib/python3.12/site-packages/temperature_monitor/temperature_logger.py to temperature_logger.cpython-312.pyc
[0.642s] byte-compiling /home/guilhermecabaco/Desktop/ros2_ws/tutoriais_ros2/temperature_monitor/install/temperature_monitor/lib/python3.12/site-packages/temperature_monitor/__init__.py to __init__.cpython-312.pyc
[0.643s] running install_data
[0.643s] creating /home/guilhermecabaco/Desktop/ros2_ws/tutoriais_ros2/temperature_monitor/install/temperature_monitor/share/ament_index
[0.643s] creating /home/guilhermecabaco/Desktop/ros2_ws/tutoriais_ros2/temperature_monitor/install/temperature_monitor/share/ament_index/resource_index
[0.643s] creating /home/guilhermecabaco/Desktop/ros2_ws/tutoriais_ros2/temperature_monitor/install/temperature_monitor/share/ament_index/resource_index/packages
[0.643s] copying resource/temperature_monitor -> /home/guilhermecabaco/Desktop/ros2_ws/tutoriais_ros2/temperature_monitor/install/temperature_monitor/share/ament_index/resource_index/packages
[0.643s] copying package.xml -> /home/guilhermecabaco/Desktop/ros2_ws/tutoriais_ros2/temperature_monitor/install/temperature_monitor/share/temperature_monitor
[0.643s] copying temperature_system.launch.py -> /home/guilhermecabaco/Desktop/ros2_ws/tutoriais_ros2/temperature_monitor/install/temperature_monitor/share/temperature_monitor
[0.643s] running install_egg_info
[0.652s] Copying build/temperature_monitor/temperature_monitor.egg-info to /home/guilhermecabaco/Desktop/ros2_ws/tutoriais_ros2/temperature_monitor/install/temperature_monitor/lib/python3.12/site-packages/temperature_monitor-0.0.0-py3.12.egg-info
[0.653s] running install_scripts
[0.719s] Installing advanced_monitor_node script to /home/guilhermecabaco/Desktop/ros2_ws/tutoriais_ros2/temperature_monitor/install/temperature_monitor/lib/temperature_monitor
[0.719s] Installing enhanced_sensor_node script to /home/guilhermecabaco/Desktop/ros2_ws/tutoriais_ros2/temperature_monitor/install/temperature_monitor/lib/temperature_monitor
[0.719s] Installing logger_node script to /home/guilhermecabaco/Desktop/ros2_ws/tutoriais_ros2/temperature_monitor/install/temperature_monitor/lib/temperature_monitor
[0.719s] Installing monitor_node script to /home/guilhermecabaco/Desktop/ros2_ws/tutoriais_ros2/temperature_monitor/install/temperature_monitor/lib/temperature_monitor
[0.719s] Installing publisher_node script to /home/guilhermecabaco/Desktop/ros2_ws/tutoriais_ros2/temperature_monitor/install/temperature_monitor/lib/temperature_monitor
[0.719s] writing list of installed files to '/home/guilhermecabaco/Desktop/ros2_ws/tutoriais_ros2/temperature_monitor/build/temperature_monitor/install.log'
[0.738s] Invoked command in '/home/guilhermecabaco/Desktop/ros2_ws/tutoriais_ros2/temperature_monitor' returned '0': DEBUGINFOD_URLS=https://debuginfod.ubuntu.com PYTHONPATH=/home/guilhermecabaco/Desktop/ros2_ws/tutoriais_ros2/temperature_monitor/build/temperature_monitor/prefix_override:/usr/lib/python3/dist-packages/colcon_core/task/python/colcon_distutils_commands:/home/guilhermecabaco/Desktop/ros2_ws/tutoriais_ros2/temperature_monitor/install/temperature_monitor/lib/python3.12/site-packages: /usr/bin/python3 -W ignore:setup.py install is deprecated -W ignore:easy_install command is deprecated setup.py egg_info --egg-base build/temperature_monitor build --build-base /home/guilhermecabaco/Desktop/ros2_ws/tutoriais_ros2/temperature_monitor/build/temperature_monitor/build install --record /home/guilhermecabaco/Desktop/ros2_ws/tutoriais_ros2/temperature_monitor/build/temperature_monitor/install.log --single-version-externally-managed install_data
