[0.473s] Invoking command in '/home/guilhermecabaco/Desktop/ros2_ws/tutoriais_ros2/temperature_monitor': DEBUGINFOD_URLS=https://debuginfod.ubuntu.com PYTHONPATH=/home/guilhermecabaco/Desktop/ros2_ws/tutoriais_ros2/build/temperature_monitor/prefix_override:/usr/lib/python3/dist-packages/colcon_core/task/python/colcon_distutils_commands:/home/guilhermecabaco/Desktop/ros2_ws/tutoriais_ros2/install/temperature_monitor/lib/python3.12/site-packages: /usr/bin/python3 -W ignore:setup.py install is deprecated -W ignore:easy_install command is deprecated setup.py egg_info --egg-base ../build/temperature_monitor build --build-base /home/guilhermecabaco/Desktop/ros2_ws/tutoriais_ros2/build/temperature_monitor/build install --record /home/guilhermecabaco/Desktop/ros2_ws/tutoriais_ros2/build/temperature_monitor/install.log --single-version-externally-managed install_data
[0.620s] running egg_info
[0.628s] writing ../build/temperature_monitor/temperature_monitor.egg-info/PKG-INFO
[0.628s] writing dependency_links to ../build/temperature_monitor/temperature_monitor.egg-info/dependency_links.txt
[0.628s] writing entry points to ../build/temperature_monitor/temperature_monitor.egg-info/entry_points.txt
[0.629s] writing requirements to ../build/temperature_monitor/temperature_monitor.egg-info/requires.txt
[0.629s] writing top-level names to ../build/temperature_monitor/temperature_monitor.egg-info/top_level.txt
[0.645s] reading manifest file '../build/temperature_monitor/temperature_monitor.egg-info/SOURCES.txt'
[0.645s] writing manifest file '../build/temperature_monitor/temperature_monitor.egg-info/SOURCES.txt'
[0.645s] running build
[0.645s] running build_py
[0.646s] running install
[0.651s] running install_lib
[0.659s] running install_data
[0.660s] running install_egg_info
[0.668s] removing '/home/guilhermecabaco/Desktop/ros2_ws/tutoriais_ros2/install/temperature_monitor/lib/python3.12/site-packages/temperature_monitor-0.0.0-py3.12.egg-info' (and everything under it)
[0.668s] Copying ../build/temperature_monitor/temperature_monitor.egg-info to /home/guilhermecabaco/Desktop/ros2_ws/tutoriais_ros2/install/temperature_monitor/lib/python3.12/site-packages/temperature_monitor-0.0.0-py3.12.egg-info
[0.669s] running install_scripts
[0.736s] Installing advanced_monitor_node script to /home/guilhermecabaco/Desktop/ros2_ws/tutoriais_ros2/install/temperature_monitor/lib/temperature_monitor
[0.736s] Installing enhanced_sensor_node script to /home/guilhermecabaco/Desktop/ros2_ws/tutoriais_ros2/install/temperature_monitor/lib/temperature_monitor
[0.736s] Installing logger_node script to /home/guilhermecabaco/Desktop/ros2_ws/tutoriais_ros2/install/temperature_monitor/lib/temperature_monitor
[0.737s] Installing monitor_node script to /home/guilhermecabaco/Desktop/ros2_ws/tutoriais_ros2/install/temperature_monitor/lib/temperature_monitor
[0.737s] Installing publisher_node script to /home/guilhermecabaco/Desktop/ros2_ws/tutoriais_ros2/install/temperature_monitor/lib/temperature_monitor
[0.737s] writing list of installed files to '/home/guilhermecabaco/Desktop/ros2_ws/tutoriais_ros2/build/temperature_monitor/install.log'
[0.755s] Invoked command in '/home/guilhermecabaco/Desktop/ros2_ws/tutoriais_ros2/temperature_monitor' returned '0': DEBUGINFOD_URLS=https://debuginfod.ubuntu.com PYTHONPATH=/home/guilhermecabaco/Desktop/ros2_ws/tutoriais_ros2/build/temperature_monitor/prefix_override:/usr/lib/python3/dist-packages/colcon_core/task/python/colcon_distutils_commands:/home/guilhermecabaco/Desktop/ros2_ws/tutoriais_ros2/install/temperature_monitor/lib/python3.12/site-packages: /usr/bin/python3 -W ignore:setup.py install is deprecated -W ignore:easy_install command is deprecated setup.py egg_info --egg-base ../build/temperature_monitor build --build-base /home/guilhermecabaco/Desktop/ros2_ws/tutoriais_ros2/build/temperature_monitor/build install --record /home/guilhermecabaco/Desktop/ros2_ws/tutoriais_ros2/build/temperature_monitor/install.log --single-version-externally-managed install_data
