[0.647s] Invoking command in '/home/guilhermecabaco/Desktop/TESE/ros2_ws/temperature_monitor': DEBUGINFOD_URLS=https://debuginfod.ubuntu.com PYTHONPATH=/home/guilhermecabaco/Desktop/TESE/ros2_ws/build/temperature_monitor/prefix_override:/usr/lib/python3/dist-packages/colcon_core/task/python/colcon_distutils_commands:/home/guilhermecabaco/Desktop/TESE/ros2_ws/install/temperature_monitor/lib/python3.12/site-packages:${PYTHONPATH} /usr/bin/python3 -W ignore:setup.py install is deprecated -W ignore:easy_install command is deprecated setup.py egg_info --egg-base ../build/temperature_monitor build --build-base /home/guilhermecabaco/Desktop/TESE/ros2_ws/build/temperature_monitor/build install --record /home/guilhermecabaco/Desktop/TESE/ros2_ws/build/temperature_monitor/install.log --single-version-externally-managed install_data
[0.863s] running egg_info
[0.863s] creating ../build/temperature_monitor/temperature_monitor.egg-info
[0.878s] writing ../build/temperature_monitor/temperature_monitor.egg-info/PKG-INFO
[0.878s] writing dependency_links to ../build/temperature_monitor/temperature_monitor.egg-info/dependency_links.txt
[0.878s] writing entry points to ../build/temperature_monitor/temperature_monitor.egg-info/entry_points.txt
[0.879s] writing requirements to ../build/temperature_monitor/temperature_monitor.egg-info/requires.txt
[0.879s] writing top-level names to ../build/temperature_monitor/temperature_monitor.egg-info/top_level.txt
[0.879s] writing manifest file '../build/temperature_monitor/temperature_monitor.egg-info/SOURCES.txt'
[0.909s] reading manifest file '../build/temperature_monitor/temperature_monitor.egg-info/SOURCES.txt'
[0.910s] writing manifest file '../build/temperature_monitor/temperature_monitor.egg-info/SOURCES.txt'
[0.910s] running build
[0.910s] running build_py
[0.910s] creating /home/guilhermecabaco/Desktop/TESE/ros2_ws/build/temperature_monitor/build
[0.911s] creating /home/guilhermecabaco/Desktop/TESE/ros2_ws/build/temperature_monitor/build/lib
[0.911s] creating /home/guilhermecabaco/Desktop/TESE/ros2_ws/build/temperature_monitor/build/lib/temperature_monitor
[0.911s] copying temperature_monitor/publisher_node.py -> /home/guilhermecabaco/Desktop/TESE/ros2_ws/build/temperature_monitor/build/lib/temperature_monitor
[0.911s] copying temperature_monitor/enhanced_sensor_node.py -> /home/guilhermecabaco/Desktop/TESE/ros2_ws/build/temperature_monitor/build/lib/temperature_monitor
[0.911s] copying temperature_monitor/temperature_monitor_node.py -> /home/guilhermecabaco/Desktop/TESE/ros2_ws/build/temperature_monitor/build/lib/temperature_monitor
[0.911s] copying temperature_monitor/advanced_monitor_node.py -> /home/guilhermecabaco/Desktop/TESE/ros2_ws/build/temperature_monitor/build/lib/temperature_monitor
[0.911s] copying temperature_monitor/temperature_logger.py -> /home/guilhermecabaco/Desktop/TESE/ros2_ws/build/temperature_monitor/build/lib/temperature_monitor
[0.912s] copying temperature_monitor/__init__.py -> /home/guilhermecabaco/Desktop/TESE/ros2_ws/build/temperature_monitor/build/lib/temperature_monitor
[0.912s] running install
[0.917s] running install_lib
[0.932s] creating /home/guilhermecabaco/Desktop/TESE/ros2_ws/install/temperature_monitor/lib/python3.12/site-packages/temperature_monitor
[0.933s] copying /home/guilhermecabaco/Desktop/TESE/ros2_ws/build/temperature_monitor/build/lib/temperature_monitor/publisher_node.py -> /home/guilhermecabaco/Desktop/TESE/ros2_ws/install/temperature_monitor/lib/python3.12/site-packages/temperature_monitor
[0.933s] copying /home/guilhermecabaco/Desktop/TESE/ros2_ws/build/temperature_monitor/build/lib/temperature_monitor/enhanced_sensor_node.py -> /home/guilhermecabaco/Desktop/TESE/ros2_ws/install/temperature_monitor/lib/python3.12/site-packages/temperature_monitor
[0.933s] copying /home/guilhermecabaco/Desktop/TESE/ros2_ws/build/temperature_monitor/build/lib/temperature_monitor/temperature_monitor_node.py -> /home/guilhermecabaco/Desktop/TESE/ros2_ws/install/temperature_monitor/lib/python3.12/site-packages/temperature_monitor
[0.933s] copying /home/guilhermecabaco/Desktop/TESE/ros2_ws/build/temperature_monitor/build/lib/temperature_monitor/advanced_monitor_node.py -> /home/guilhermecabaco/Desktop/TESE/ros2_ws/install/temperature_monitor/lib/python3.12/site-packages/temperature_monitor
[0.933s] copying /home/guilhermecabaco/Desktop/TESE/ros2_ws/build/temperature_monitor/build/lib/temperature_monitor/temperature_logger.py -> /home/guilhermecabaco/Desktop/TESE/ros2_ws/install/temperature_monitor/lib/python3.12/site-packages/temperature_monitor
[0.933s] copying /home/guilhermecabaco/Desktop/TESE/ros2_ws/build/temperature_monitor/build/lib/temperature_monitor/__init__.py -> /home/guilhermecabaco/Desktop/TESE/ros2_ws/install/temperature_monitor/lib/python3.12/site-packages/temperature_monitor
[0.934s] byte-compiling /home/guilhermecabaco/Desktop/TESE/ros2_ws/install/temperature_monitor/lib/python3.12/site-packages/temperature_monitor/publisher_node.py to publisher_node.cpython-312.pyc
[0.934s] byte-compiling /home/guilhermecabaco/Desktop/TESE/ros2_ws/install/temperature_monitor/lib/python3.12/site-packages/temperature_monitor/enhanced_sensor_node.py to enhanced_sensor_node.cpython-312.pyc
[0.935s] byte-compiling /home/guilhermecabaco/Desktop/TESE/ros2_ws/install/temperature_monitor/lib/python3.12/site-packages/temperature_monitor/temperature_monitor_node.py to temperature_monitor_node.cpython-312.pyc
[0.935s] byte-compiling /home/guilhermecabaco/Desktop/TESE/ros2_ws/install/temperature_monitor/lib/python3.12/site-packages/temperature_monitor/advanced_monitor_node.py to advanced_monitor_node.cpython-312.pyc
[0.936s] byte-compiling /home/guilhermecabaco/Desktop/TESE/ros2_ws/install/temperature_monitor/lib/python3.12/site-packages/temperature_monitor/temperature_logger.py to temperature_logger.cpython-312.pyc
[0.936s] byte-compiling /home/guilhermecabaco/Desktop/TESE/ros2_ws/install/temperature_monitor/lib/python3.12/site-packages/temperature_monitor/__init__.py to __init__.cpython-312.pyc
[0.936s] running install_data
[0.936s] creating /home/guilhermecabaco/Desktop/TESE/ros2_ws/install/temperature_monitor/share/ament_index
[0.937s] creating /home/guilhermecabaco/Desktop/TESE/ros2_ws/install/temperature_monitor/share/ament_index/resource_index
[0.937s] creating /home/guilhermecabaco/Desktop/TESE/ros2_ws/install/temperature_monitor/share/ament_index/resource_index/packages
[0.937s] copying resource/temperature_monitor -> /home/guilhermecabaco/Desktop/TESE/ros2_ws/install/temperature_monitor/share/ament_index/resource_index/packages
[0.937s] copying package.xml -> /home/guilhermecabaco/Desktop/TESE/ros2_ws/install/temperature_monitor/share/temperature_monitor
[0.937s] copying temperature_system.launch.py -> /home/guilhermecabaco/Desktop/TESE/ros2_ws/install/temperature_monitor/share/temperature_monitor
[0.937s] running install_egg_info
[0.954s] Copying ../build/temperature_monitor/temperature_monitor.egg-info to /home/guilhermecabaco/Desktop/TESE/ros2_ws/install/temperature_monitor/lib/python3.12/site-packages/temperature_monitor-0.0.0-py3.12.egg-info
[0.955s] running install_scripts
[1.065s] Installing monitor_node script to /home/guilhermecabaco/Desktop/TESE/ros2_ws/install/temperature_monitor/lib/temperature_monitor
[1.066s] Installing publisher_node script to /home/guilhermecabaco/Desktop/TESE/ros2_ws/install/temperature_monitor/lib/temperature_monitor
[1.066s] writing list of installed files to '/home/guilhermecabaco/Desktop/TESE/ros2_ws/build/temperature_monitor/install.log'
[1.087s] Invoked command in '/home/guilhermecabaco/Desktop/TESE/ros2_ws/temperature_monitor' returned '0': DEBUGINFOD_URLS=https://debuginfod.ubuntu.com PYTHONPATH=/home/guilhermecabaco/Desktop/TESE/ros2_ws/build/temperature_monitor/prefix_override:/usr/lib/python3/dist-packages/colcon_core/task/python/colcon_distutils_commands:/home/guilhermecabaco/Desktop/TESE/ros2_ws/install/temperature_monitor/lib/python3.12/site-packages:${PYTHONPATH} /usr/bin/python3 -W ignore:setup.py install is deprecated -W ignore:easy_install command is deprecated setup.py egg_info --egg-base ../build/temperature_monitor build --build-base /home/guilhermecabaco/Desktop/TESE/ros2_ws/build/temperature_monitor/build install --record /home/guilhermecabaco/Desktop/TESE/ros2_ws/build/temperature_monitor/install.log --single-version-externally-managed install_data
